<?xml version="1.0" encoding="UTF-8"?>
<!-- Generated by org.testng.reporters.JUnitReportReporter -->
<testsuite hostname="LAPTOP-FDUTCRQG" failures="0" tests="2" name="homepagetest.Test_Sc1" time="2.712" errors="0" timestamp="2024-08-05T13:03:24 IST" skipped="0">
  <testcase classname="homepagetest.Test_Sc1" name="Revenue_calculator" time="2.212"/>
  <system-out/>
  <testcase classname="homepagetest.Test_Sc1" name="click_checkboxes" time="0.500"/>
  <system-out/>
</testsuite> <!-- homepagetest.Test_Sc1 -->
